<?xml version="1.0" encoding="UTF-8"?>
<testsuite xmlns:xsi="http://www.w3.org/2001/XMLSchema-instance" xsi:noNamespaceSchemaLocation="https://maven.apache.org/surefire/maven-surefire-plugin/xsd/surefire-test-report-3.0.xsd" version="3.0" name="com.example.spring.DatabaseConnectionTest" time="0.916" tests="1" errors="0" skipped="0" failures="0">
  <properties>
[...]
</properties>
  <testcase name="testDatabaseConnection" classname="com.example.spring.DatabaseConnectionTest" time="0.123">
    <system-out><![CDATA[2025-03-25 09:55:48 [main] DEBUG org.springframework.test.context.junit4.SpringJUnit4ClassRunner - SpringJUnit4ClassRunner constructor called with [class com.example.spring.DatabaseConnectionTest]
2025-03-25 09:55:48 [main] DEBUG org.springframework.test.context.BootstrapUtils - Instantiating CacheAwareContextLoaderDelegate from class [org.springframework.test.context.cache.DefaultCacheAwareContextLoaderDelegate]
2025-03-25 09:55:48 [main] DEBUG org.springframework.test.context.BootstrapUtils - Instantiating BootstrapContext using constructor [public org.springframework.test.context.support.DefaultBootstrapContext(java.lang.Class,org.springframework.test.context.CacheAwareContextLoaderDelegate)]
2025-03-25 09:55:48 [main] DEBUG org.springframework.test.context.BootstrapUtils - Instantiating TestContextBootstrapper for test class [com.example.spring.DatabaseConnectionTest] from class [org.springframework.test.context.support.DefaultTestContextBootstrapper]
2025-03-25 09:55:48 [main] DEBUG org.springframework.test.context.support.AbstractDelegatingSmartContextLoader - Delegating to GenericXmlContextLoader to process context configuration [ContextConfigurationAttributes@3e7dd664 declaringClass = 'com.example.spring.DatabaseConnectionTest', classes = '{}', locations = '{file:src/main/webapp/WEB-INF/spring/db-context.xml}', inheritLocations = true, initializers = '{}', inheritInitializers = true, name = [null], contextLoaderClass = 'org.springframework.test.context.ContextLoader'].
2025-03-25 09:55:48 [main] DEBUG org.springframework.test.context.support.ActiveProfilesUtils - Could not find an 'annotation declaring class' for annotation type [org.springframework.test.context.ActiveProfiles] and class [com.example.spring.DatabaseConnectionTest]
2025-03-25 09:55:48 [main] DEBUG org.springframework.test.context.support.DefaultTestContextBootstrapper - @TestExecutionListeners is not present for class [com.example.spring.DatabaseConnectionTest]: using defaults.
2025-03-25 09:55:48 [main] INFO  org.springframework.test.context.support.DefaultTestContextBootstrapper - Loaded default TestExecutionListener class names from location [META-INF/spring.factories]: [org.springframework.test.context.web.ServletTestExecutionListener, org.springframework.test.context.support.DirtiesContextBeforeModesTestExecutionListener, org.springframework.test.context.event.ApplicationEventsTestExecutionListener, org.springframework.test.context.support.DependencyInjectionTestExecutionListener, org.springframework.test.context.support.DirtiesContextTestExecutionListener, org.springframework.test.context.transaction.TransactionalTestExecutionListener, org.springframework.test.context.jdbc.SqlScriptsTestExecutionListener, org.springframework.test.context.event.EventPublishingTestExecutionListener]
2025-03-25 09:55:48 [main] INFO  org.springframework.test.context.support.DefaultTestContextBootstrapper - Using TestExecutionListeners: [org.springframework.test.context.web.ServletTestExecutionListener@28e8dde3, org.springframework.test.context.support.DirtiesContextBeforeModesTestExecutionListener@6d23017e, org.springframework.test.context.event.ApplicationEventsTestExecutionListener@54dcfa5a, org.springframework.test.context.support.DependencyInjectionTestExecutionListener@1817f1eb, org.springframework.test.context.support.DirtiesContextTestExecutionListener@767e20cf, org.springframework.test.context.transaction.TransactionalTestExecutionListener@3a3e78f, org.springframework.test.context.jdbc.SqlScriptsTestExecutionListener@301ec38b, org.springframework.test.context.event.EventPublishingTestExecutionListener@17a1e4ca]
2025-03-25 09:55:48 [main] DEBUG org.springframework.test.annotation.ProfileValueUtils - Retrieved @ProfileValueSourceConfiguration [null] for test class [com.example.spring.DatabaseConnectionTest]
2025-03-25 09:55:48 [main] DEBUG org.springframework.test.annotation.ProfileValueUtils - Retrieved ProfileValueSource type [class org.springframework.test.annotation.SystemProfileValueSource] for class [com.example.spring.DatabaseConnectionTest]
2025-03-25 09:55:48 [main] DEBUG org.springframework.test.annotation.ProfileValueUtils - Retrieved @ProfileValueSourceConfiguration [null] for test class [com.example.spring.DatabaseConnectionTest]
2025-03-25 09:55:48 [main] DEBUG org.springframework.test.annotation.ProfileValueUtils - Retrieved ProfileValueSource type [class org.springframework.test.annotation.SystemProfileValueSource] for class [com.example.spring.DatabaseConnectionTest]
2025-03-25 09:55:48 [main] DEBUG org.springframework.test.annotation.ProfileValueUtils - Retrieved @ProfileValueSourceConfiguration [null] for test class [com.example.spring.DatabaseConnectionTest]
2025-03-25 09:55:48 [main] DEBUG org.springframework.test.annotation.ProfileValueUtils - Retrieved ProfileValueSource type [class org.springframework.test.annotation.SystemProfileValueSource] for class [com.example.spring.DatabaseConnectionTest]
2025-03-25 09:55:48 [main] DEBUG org.springframework.test.annotation.ProfileValueUtils - Retrieved @ProfileValueSourceConfiguration [null] for test class [com.example.spring.DatabaseConnectionTest]
2025-03-25 09:55:48 [main] DEBUG org.springframework.test.annotation.ProfileValueUtils - Retrieved ProfileValueSource type [class org.springframework.test.annotation.SystemProfileValueSource] for class [com.example.spring.DatabaseConnectionTest]
2025-03-25 09:55:48 [main] DEBUG org.springframework.test.annotation.ProfileValueUtils - Retrieved @ProfileValueSourceConfiguration [null] for test class [com.example.spring.DatabaseConnectionTest]
2025-03-25 09:55:48 [main] DEBUG org.springframework.test.annotation.ProfileValueUtils - Retrieved ProfileValueSource type [class org.springframework.test.annotation.SystemProfileValueSource] for class [com.example.spring.DatabaseConnectionTest]
2025-03-25 09:55:48 [main] DEBUG org.springframework.test.context.support.AbstractDirtiesContextTestExecutionListener - Before test class: context [DefaultTestContext@2c5529ab testClass = DatabaseConnectionTest, testInstance = [null], testMethod = [null], testException = [null], mergedContextConfiguration = [MergedContextConfiguration@39a8312f testClass = DatabaseConnectionTest, locations = '{file:src/main/webapp/WEB-INF/spring/db-context.xml}', classes = '{}', contextInitializerClasses = '[]', activeProfiles = '{}', propertySourceLocations = '{}', propertySourceProperties = '{}', contextCustomizers = set[[empty]], contextLoader = 'org.springframework.test.context.support.DelegatingSmartContextLoader', parent = [null]], attributes = map[[empty]]], class annotated with @DirtiesContext [false] with mode [null].
2025-03-25 09:55:48 [main] DEBUG org.springframework.test.annotation.ProfileValueUtils - Retrieved @ProfileValueSourceConfiguration [null] for test class [com.example.spring.DatabaseConnectionTest]
2025-03-25 09:55:48 [main] DEBUG org.springframework.test.annotation.ProfileValueUtils - Retrieved ProfileValueSource type [class org.springframework.test.annotation.SystemProfileValueSource] for class [com.example.spring.DatabaseConnectionTest]
2025-03-25 09:55:48 [main] DEBUG org.springframework.test.context.support.DependencyInjectionTestExecutionListener - Performing dependency injection for test context [[DefaultTestContext@2c5529ab testClass = DatabaseConnectionTest, testInstance = com.example.spring.DatabaseConnectionTest@2ceb80a1, testMethod = [null], testException = [null], mergedContextConfiguration = [MergedContextConfiguration@39a8312f testClass = DatabaseConnectionTest, locations = '{file:src/main/webapp/WEB-INF/spring/db-context.xml}', classes = '{}', contextInitializerClasses = '[]', activeProfiles = '{}', propertySourceLocations = '{}', propertySourceProperties = '{}', contextCustomizers = set[[empty]], contextLoader = 'org.springframework.test.context.support.DelegatingSmartContextLoader', parent = [null]], attributes = map['org.springframework.test.context.event.ApplicationEventsTestExecutionListener.recordApplicationEvents' -> false]]].
2025-03-25 09:55:48 [main] DEBUG org.springframework.test.context.support.AbstractDelegatingSmartContextLoader - Delegating to GenericXmlContextLoader to load context from [MergedContextConfiguration@39a8312f testClass = DatabaseConnectionTest, locations = '{file:src/main/webapp/WEB-INF/spring/db-context.xml}', classes = '{}', contextInitializerClasses = '[]', activeProfiles = '{}', propertySourceLocations = '{}', propertySourceProperties = '{}', contextCustomizers = set[[empty]], contextLoader = 'org.springframework.test.context.support.DelegatingSmartContextLoader', parent = [null]].
2025-03-25 09:55:48 [main] DEBUG org.springframework.test.context.support.AbstractGenericContextLoader - Loading ApplicationContext for merged context configuration [[MergedContextConfiguration@39a8312f testClass = DatabaseConnectionTest, locations = '{file:src/main/webapp/WEB-INF/spring/db-context.xml}', classes = '{}', contextInitializerClasses = '[]', activeProfiles = '{}', propertySourceLocations = '{}', propertySourceProperties = '{}', contextCustomizers = set[[empty]], contextLoader = 'org.springframework.test.context.support.DelegatingSmartContextLoader', parent = [null]]].
2025-03-25 09:55:48 [main] DEBUG org.springframework.core.env.StandardEnvironment - Activating profiles []
2025-03-25 09:55:48 [main] DEBUG org.springframework.beans.factory.xml.XmlBeanDefinitionReader - Loaded 8 bean definitions from URL [file:src/main/webapp/WEB-INF/spring/db-context.xml]
2025-03-25 09:55:48 [main] DEBUG org.springframework.context.support.GenericApplicationContext - Refreshing org.springframework.context.support.GenericApplicationContext@60957c0f
2025-03-25 09:55:48 [main] DEBUG org.springframework.beans.factory.support.DefaultListableBeanFactory - Creating shared instance of singleton bean 'org.springframework.context.annotation.internalConfigurationAnnotationProcessor'
2025-03-25 09:55:48 [main] DEBUG org.springframework.beans.factory.support.DefaultListableBeanFactory - Creating shared instance of singleton bean 'org.springframework.context.event.internalEventListenerProcessor'
2025-03-25 09:55:48 [main] DEBUG org.springframework.beans.factory.support.DefaultListableBeanFactory - Creating shared instance of singleton bean 'org.springframework.transaction.config.internalTransactionalEventListenerFactory'
2025-03-25 09:55:48 [main] DEBUG org.springframework.beans.factory.support.DefaultListableBeanFactory - Creating shared instance of singleton bean 'org.springframework.context.event.internalEventListenerFactory'
2025-03-25 09:55:48 [main] DEBUG org.springframework.beans.factory.support.DefaultListableBeanFactory - Creating shared instance of singleton bean 'org.springframework.context.annotation.internalAutowiredAnnotationProcessor'
2025-03-25 09:55:48 [main] DEBUG org.springframework.beans.factory.support.DefaultListableBeanFactory - Creating shared instance of singleton bean 'org.springframework.aop.config.internalAutoProxyCreator'
2025-03-25 09:55:48 [main] DEBUG org.springframework.beans.factory.support.DefaultListableBeanFactory - Creating shared instance of singleton bean 'dataSource'
2025-03-25 09:55:48 [main] DEBUG com.zaxxer.hikari.HikariConfig - Driver class org.mariadb.jdbc.Driver found in Thread context class loader jdk.internal.loader.ClassLoaders$AppClassLoader@42a57993
2025-03-25 09:55:48 [main] DEBUG org.springframework.beans.factory.support.DefaultListableBeanFactory - Creating shared instance of singleton bean 'org.springframework.transaction.config.internalTransactionAdvisor'
2025-03-25 09:55:48 [main] DEBUG org.springframework.beans.factory.support.DefaultListableBeanFactory - Creating shared instance of singleton bean 'org.springframework.transaction.annotation.AnnotationTransactionAttributeSource#0'
2025-03-25 09:55:48 [main] DEBUG org.springframework.beans.factory.support.DefaultListableBeanFactory - Creating shared instance of singleton bean 'jdbcTemplate'
2025-03-25 09:55:48 [main] DEBUG org.springframework.beans.factory.support.DefaultListableBeanFactory - Creating shared instance of singleton bean 'transactionManager'
2025-03-25 09:55:48 [main] DEBUG org.springframework.beans.factory.support.DefaultListableBeanFactory - Creating shared instance of singleton bean 'org.springframework.transaction.interceptor.TransactionInterceptor#0'
2025-03-25 09:55:48 [main] DEBUG org.springframework.test.context.cache.DefaultCacheAwareContextLoaderDelegate - Storing ApplicationContext [1620409359] in cache under key [[MergedContextConfiguration@39a8312f testClass = DatabaseConnectionTest, locations = '{file:src/main/webapp/WEB-INF/spring/db-context.xml}', classes = '{}', contextInitializerClasses = '[]', activeProfiles = '{}', propertySourceLocations = '{}', propertySourceProperties = '{}', contextCustomizers = set[[empty]], contextLoader = 'org.springframework.test.context.support.DelegatingSmartContextLoader', parent = [null]]]
2025-03-25 09:55:48 [main] DEBUG org.springframework.test.context.cache - Spring test ApplicationContext cache statistics: [DefaultContextCache@6df20ade size = 1, maxSize = 32, parentContextCount = 0, hitCount = 0, missCount = 1]
2025-03-25 09:55:48 [main] DEBUG org.springframework.test.context.cache.DefaultCacheAwareContextLoaderDelegate - Retrieved ApplicationContext [1620409359] from cache with key [[MergedContextConfiguration@39a8312f testClass = DatabaseConnectionTest, locations = '{file:src/main/webapp/WEB-INF/spring/db-context.xml}', classes = '{}', contextInitializerClasses = '[]', activeProfiles = '{}', propertySourceLocations = '{}', propertySourceProperties = '{}', contextCustomizers = set[[empty]], contextLoader = 'org.springframework.test.context.support.DelegatingSmartContextLoader', parent = [null]]]
2025-03-25 09:55:48 [main] DEBUG org.springframework.test.context.cache - Spring test ApplicationContext cache statistics: [DefaultContextCache@6df20ade size = 1, maxSize = 32, parentContextCount = 0, hitCount = 1, missCount = 1]
2025-03-25 09:55:48 [main] DEBUG org.springframework.test.context.support.AbstractDirtiesContextTestExecutionListener - Before test method: context [DefaultTestContext@2c5529ab testClass = DatabaseConnectionTest, testInstance = com.example.spring.DatabaseConnectionTest@2ceb80a1, testMethod = testDatabaseConnection@DatabaseConnectionTest, testException = [null], mergedContextConfiguration = [MergedContextConfiguration@39a8312f testClass = DatabaseConnectionTest, locations = '{file:src/main/webapp/WEB-INF/spring/db-context.xml}', classes = '{}', contextInitializerClasses = '[]', activeProfiles = '{}', propertySourceLocations = '{}', propertySourceProperties = '{}', contextCustomizers = set[[empty]], contextLoader = 'org.springframework.test.context.support.DelegatingSmartContextLoader', parent = [null]], attributes = map['org.springframework.test.context.event.ApplicationEventsTestExecutionListener.recordApplicationEvents' -> false]], class annotated with @DirtiesContext [false] with mode [null], method annotated with @DirtiesContext [false] with mode [null].
2025-03-25 09:55:48 [main] DEBUG org.springframework.test.context.cache.DefaultCacheAwareContextLoaderDelegate - Retrieved ApplicationContext [1620409359] from cache with key [[MergedContextConfiguration@39a8312f testClass = DatabaseConnectionTest, locations = '{file:src/main/webapp/WEB-INF/spring/db-context.xml}', classes = '{}', contextInitializerClasses = '[]', activeProfiles = '{}', propertySourceLocations = '{}', propertySourceProperties = '{}', contextCustomizers = set[[empty]], contextLoader = 'org.springframework.test.context.support.DelegatingSmartContextLoader', parent = [null]]]
2025-03-25 09:55:48 [main] DEBUG org.springframework.test.context.cache - Spring test ApplicationContext cache statistics: [DefaultContextCache@6df20ade size = 1, maxSize = 32, parentContextCount = 0, hitCount = 2, missCount = 1]
2025-03-25 09:55:48 [main] DEBUG org.springframework.test.context.cache.DefaultCacheAwareContextLoaderDelegate - Retrieved ApplicationContext [1620409359] from cache with key [[MergedContextConfiguration@39a8312f testClass = DatabaseConnectionTest, locations = '{file:src/main/webapp/WEB-INF/spring/db-context.xml}', classes = '{}', contextInitializerClasses = '[]', activeProfiles = '{}', propertySourceLocations = '{}', propertySourceProperties = '{}', contextCustomizers = set[[empty]], contextLoader = 'org.springframework.test.context.support.DelegatingSmartContextLoader', parent = [null]]]
2025-03-25 09:55:48 [main] DEBUG org.springframework.test.context.cache - Spring test ApplicationContext cache statistics: [DefaultContextCache@6df20ade size = 1, maxSize = 32, parentContextCount = 0, hitCount = 3, missCount = 1]
2025-03-25 09:55:48 [main] DEBUG org.springframework.jdbc.core.JdbcTemplate - Executing SQL query [SELECT 1]
2025-03-25 09:55:48 [main] DEBUG org.springframework.jdbc.datasource.DataSourceUtils - Fetching JDBC Connection from DataSource
2025-03-25 09:55:48 [main] DEBUG com.zaxxer.hikari.HikariConfig - HikariPool-1 - configuration:
2025-03-25 09:55:48 [main] DEBUG com.zaxxer.hikari.HikariConfig - allowPoolSuspension................................false
2025-03-25 09:55:48 [main] DEBUG com.zaxxer.hikari.HikariConfig - autoCommit................................true
2025-03-25 09:55:48 [main] DEBUG com.zaxxer.hikari.HikariConfig - catalog................................none
2025-03-25 09:55:48 [main] DEBUG com.zaxxer.hikari.HikariConfig - connectionInitSql................................none
2025-03-25 09:55:48 [main] DEBUG com.zaxxer.hikari.HikariConfig - connectionTestQuery................................none
2025-03-25 09:55:48 [main] DEBUG com.zaxxer.hikari.HikariConfig - connectionTimeout................................30000
2025-03-25 09:55:48 [main] DEBUG com.zaxxer.hikari.HikariConfig - dataSource................................none
2025-03-25 09:55:48 [main] DEBUG com.zaxxer.hikari.HikariConfig - dataSourceClassName................................none
2025-03-25 09:55:48 [main] DEBUG com.zaxxer.hikari.HikariConfig - dataSourceJNDI................................none
2025-03-25 09:55:48 [main] DEBUG com.zaxxer.hikari.HikariConfig - dataSourceProperties................................{password=<masked>}
2025-03-25 09:55:48 [main] DEBUG com.zaxxer.hikari.HikariConfig - driverClassName................................"org.mariadb.jdbc.Driver"
2025-03-25 09:55:48 [main] DEBUG com.zaxxer.hikari.HikariConfig - exceptionOverrideClassName................................none
2025-03-25 09:55:48 [main] DEBUG com.zaxxer.hikari.HikariConfig - healthCheckProperties................................{}
2025-03-25 09:55:48 [main] DEBUG com.zaxxer.hikari.HikariConfig - healthCheckRegistry................................none
2025-03-25 09:55:48 [main] DEBUG com.zaxxer.hikari.HikariConfig - idleTimeout................................30000
2025-03-25 09:55:48 [main] DEBUG com.zaxxer.hikari.HikariConfig - initializationFailTimeout................................1
2025-03-25 09:55:48 [main] DEBUG com.zaxxer.hikari.HikariConfig - isolateInternalQueries................................false
2025-03-25 09:55:48 [main] DEBUG com.zaxxer.hikari.HikariConfig - jdbcUrl................................jdbc:mariadb://127.0.0.1:3307/spring
2025-03-25 09:55:48 [main] DEBUG com.zaxxer.hikari.HikariConfig - keepaliveTime................................0
2025-03-25 09:55:48 [main] DEBUG com.zaxxer.hikari.HikariConfig - leakDetectionThreshold................................0
2025-03-25 09:55:48 [main] DEBUG com.zaxxer.hikari.HikariConfig - maxLifetime................................1800000
2025-03-25 09:55:48 [main] DEBUG com.zaxxer.hikari.HikariConfig - maximumPoolSize................................10
2025-03-25 09:55:48 [main] DEBUG com.zaxxer.hikari.HikariConfig - metricRegistry................................none
2025-03-25 09:55:48 [main] DEBUG com.zaxxer.hikari.HikariConfig - metricsTrackerFactory................................none
2025-03-25 09:55:48 [main] DEBUG com.zaxxer.hikari.HikariConfig - minimumIdle................................5
2025-03-25 09:55:48 [main] DEBUG com.zaxxer.hikari.HikariConfig - password................................<masked>
2025-03-25 09:55:48 [main] DEBUG com.zaxxer.hikari.HikariConfig - poolName................................"HikariPool-1"
2025-03-25 09:55:48 [main] DEBUG com.zaxxer.hikari.HikariConfig - readOnly................................false
2025-03-25 09:55:48 [main] DEBUG com.zaxxer.hikari.HikariConfig - registerMbeans................................false
2025-03-25 09:55:48 [main] DEBUG com.zaxxer.hikari.HikariConfig - scheduledExecutor................................none
2025-03-25 09:55:48 [main] DEBUG com.zaxxer.hikari.HikariConfig - schema................................none
2025-03-25 09:55:48 [main] DEBUG com.zaxxer.hikari.HikariConfig - threadFactory................................internal
2025-03-25 09:55:48 [main] DEBUG com.zaxxer.hikari.HikariConfig - transactionIsolation................................default
2025-03-25 09:55:48 [main] DEBUG com.zaxxer.hikari.HikariConfig - username................................"spring"
2025-03-25 09:55:48 [main] DEBUG com.zaxxer.hikari.HikariConfig - validationTimeout................................5000
2025-03-25 09:55:48 [main] INFO  com.zaxxer.hikari.HikariDataSource - HikariPool-1 - Starting...
2025-03-25 09:55:49 [main] DEBUG com.zaxxer.hikari.pool.HikariPool - HikariPool-1 - Added connection org.mariadb.jdbc.MariaDbConnection@1440c311
2025-03-25 09:55:49 [main] INFO  com.zaxxer.hikari.HikariDataSource - HikariPool-1 - Start completed.
2025-03-25 09:55:49 [main] DEBUG org.springframework.test.context.cache.DefaultCacheAwareContextLoaderDelegate - Retrieved ApplicationContext [1620409359] from cache with key [[MergedContextConfiguration@39a8312f testClass = DatabaseConnectionTest, locations = '{file:src/main/webapp/WEB-INF/spring/db-context.xml}', classes = '{}', contextInitializerClasses = '[]', activeProfiles = '{}', propertySourceLocations = '{}', propertySourceProperties = '{}', contextCustomizers = set[[empty]], contextLoader = 'org.springframework.test.context.support.DelegatingSmartContextLoader', parent = [null]]]
2025-03-25 09:55:49 [main] DEBUG org.springframework.test.context.cache - Spring test ApplicationContext cache statistics: [DefaultContextCache@6df20ade size = 1, maxSize = 32, parentContextCount = 0, hitCount = 4, missCount = 1]
2025-03-25 09:55:49 [main] DEBUG org.springframework.test.context.cache.DefaultCacheAwareContextLoaderDelegate - Retrieved ApplicationContext [1620409359] from cache with key [[MergedContextConfiguration@39a8312f testClass = DatabaseConnectionTest, locations = '{file:src/main/webapp/WEB-INF/spring/db-context.xml}', classes = '{}', contextInitializerClasses = '[]', activeProfiles = '{}', propertySourceLocations = '{}', propertySourceProperties = '{}', contextCustomizers = set[[empty]], contextLoader = 'org.springframework.test.context.support.DelegatingSmartContextLoader', parent = [null]]]
2025-03-25 09:55:49 [main] DEBUG org.springframework.test.context.cache - Spring test ApplicationContext cache statistics: [DefaultContextCache@6df20ade size = 1, maxSize = 32, parentContextCount = 0, hitCount = 5, missCount = 1]
2025-03-25 09:55:49 [main] DEBUG org.springframework.test.context.support.AbstractDirtiesContextTestExecutionListener - After test method: context [DefaultTestContext@2c5529ab testClass = DatabaseConnectionTest, testInstance = com.example.spring.DatabaseConnectionTest@2ceb80a1, testMethod = testDatabaseConnection@DatabaseConnectionTest, testException = [null], mergedContextConfiguration = [MergedContextConfiguration@39a8312f testClass = DatabaseConnectionTest, locations = '{file:src/main/webapp/WEB-INF/spring/db-context.xml}', classes = '{}', contextInitializerClasses = '[]', activeProfiles = '{}', propertySourceLocations = '{}', propertySourceProperties = '{}', contextCustomizers = set[[empty]], contextLoader = 'org.springframework.test.context.support.DelegatingSmartContextLoader', parent = [null]], attributes = map['org.springframework.test.context.event.ApplicationEventsTestExecutionListener.recordApplicationEvents' -> false]], class annotated with @DirtiesContext [false] with mode [null], method annotated with @DirtiesContext [false] with mode [null].
]]></system-out>
  </testcase>
</testsuite>